<?xml version="1.0" encoding="UTF-8"?>
<testsuite xmlns:xsi="http://www.w3.org/2001/XMLSchema-instance" xsi:noNamespaceSchemaLocation="https://maven.apache.org/surefire/maven-surefire-plugin/xsd/surefire-test-report.xsd" version="3.0.1" name="TestSuite" time="9.173" tests="1" errors="0" skipped="0" failures="0">
  <properties>
[...]
</properties>
  <testcase name="loginTest[User [emailAddress=mukeshkumar01.gh@gmail.com, password=11111111]](1)" classname="com.ui.tests.LoginCSVTest" time="4.045">
    <system-out><![CDATA[2025-12-37 00:02:54 [main] INFO com.ui.listeners.TestListener::onStart::59 Test Suite Started 
2025-12-57 00:02:54 [TestNG-test=UI Automation Test-1] INFO com.ui.tests.LoginCSVTest::setUp::34 Load theb Homepage of the website 
2025-12-59 00:02:54 [TestNG-test=UI Automation Test-1] INFO com.ui.pages.HomePage::<init>::69 Launching Browser for CHROME 
2025-12-47 00:02:56 [TestNG-test=UI Automation Test-1] INFO com.ui.pages.HomePage::goToWebsite::109 Visiting the website https://www.parempire.com/ 
2025-12-48 00:02:58 [TestNG-test=UI Automation Test-1] INFO com.ui.listeners.TestListener::onTestStart::27 loginTest 
2025-12-48 00:02:58 [TestNG-test=UI Automation Test-1] INFO com.ui.listeners.TestListener::onTestStart::28 Verifies with the valid user is able to login into the application 
2025-12-48 00:02:58 [TestNG-test=UI Automation Test-1] INFO com.ui.listeners.TestListener::onTestStart::29 [e2e, sanity] 
2025-12-48 00:02:58 [TestNG-test=UI Automation Test-1] INFO com.ui.pages.HomePage::goToLoginPage::31 Trying to perform click to go to Sign in Page 
2025-12-48 00:02:58 [TestNG-test=UI Automation Test-1] INFO com.ui.pages.HomePage::clickOn::119 Finding Element with the locatorBy.id: i7lqmw 
2025-12-50 00:02:58 [TestNG-test=UI Automation Test-1] INFO com.ui.pages.HomePage::clickOn::121 Element Found and now Performing Click 
2025-12-34 00:03:02 [TestNG-test=UI Automation Test-1] INFO com.ui.pages.LoginPage::enterText::126 Finding Element with the locatorBy.id: user_email 
2025-12-35 00:03:02 [TestNG-test=UI Automation Test-1] INFO com.ui.pages.LoginPage::enterText::128 Element Found and now enter textmukeshkumar01.gh@gmail.com 
2025-12-43 00:03:02 [TestNG-test=UI Automation Test-1] INFO com.ui.pages.LoginPage::enterText::126 Finding Element with the locatorBy.id: user_password 
2025-12-44 00:03:02 [TestNG-test=UI Automation Test-1] INFO com.ui.pages.LoginPage::enterText::128 Element Found and now enter text11111111 
2025-12-47 00:03:02 [TestNG-test=UI Automation Test-1] INFO com.ui.pages.LoginPage::clickOn::119 Finding Element with the locatorBy.xpath: (//button[normalize-space()='Login'])[1] 
2025-12-48 00:03:02 [TestNG-test=UI Automation Test-1] INFO com.ui.pages.LoginPage::clickOn::121 Element Found and now Performing Click 
]]></system-out>
    <system-err><![CDATA[SLF4J: Failed to load class "org.slf4j.impl.StaticLoggerBinder".
SLF4J: Defaulting to no-operation (NOP) logger implementation
SLF4J: See http://www.slf4j.org/codes.html#StaticLoggerBinder for further details.
Dec 01, 2025 12:02:56 AM org.openqa.selenium.devtools.CdpVersionFinder findNearestMatch
WARNING: Unable to find CDP implementation matching 142
Dec 01, 2025 12:02:56 AM org.openqa.selenium.chromium.ChromiumDriver lambda$new$4
WARNING: Unable to find version of CDP to use for 142.0.7444.176. You may need to include a dependency on a specific version of the CDP using something similar to `org.seleniumhq.selenium:selenium-devtools-v86:4.33.0` where the version ("v86") matches the version of the chromium-based browser you're using and the version number of the artifact is the same as Selenium's.
]]></system-err>
  </testcase>
</testsuite>