<?xml version="1.0" encoding="UTF-8"?>
<testsuite xmlns:xsi="http://www.w3.org/2001/XMLSchema-instance" xsi:noNamespaceSchemaLocation="https://maven.apache.org/surefire/maven-surefire-plugin/xsd/surefire-test-report.xsd" version="3.0.1" name="TestSuite" time="20.838" tests="5" errors="0" skipped="3" failures="2">
  <properties>
[...]
</properties>
  <testcase name="loginTest[User [emailAddress=mukeshkumar01.gh@gmail.com, password=Mukesh@321]](1)" classname="com.ui.tests.LoginExcelTest" time="0.0">
    <skipped message="Cannot invoke &quot;com.ui.pages.HomePage.goToLoginPage()&quot; because &quot;com.ui.tests.LoginExcelTest.homePage&quot; is null"/>
    <system-out><![CDATA[2025-11-18 23:44:03 [main] INFO com.ui.listeners.TestListener::onStart::59 Test Suite Started 
2025-11-91 23:44:03 [TestNG-test=UI Automation Test-1] INFO com.ui.tests.LoginExcelTest::setUp::34 Load theb Homepage of the website 
2025-11-92 23:44:03 [TestNG-test=UI Automation Test-1] INFO com.ui.pages.HomePage::<init>::69 Launching Browser for CHROME 
2025-11-05 23:44:05 [TestNG-test=UI Automation Test-1] INFO com.ui.pages.HomePage::goToWebsite::109 Visiting the website https://www.parempire.com/ 
2025-11-15 23:44:05 [TestNG-test=UI Automation Test-1] INFO com.ui.listeners.TestListener::onTestStart::27 loginTest 
2025-11-15 23:44:05 [TestNG-test=UI Automation Test-1] INFO com.ui.listeners.TestListener::onTestStart::28 Verifies with the valid user is able to login into the application 
2025-11-15 23:44:05 [TestNG-test=UI Automation Test-1] INFO com.ui.listeners.TestListener::onTestStart::29 [e2e, sanity] 
]]></system-out>
    <system-err><![CDATA[SLF4J: Failed to load class "org.slf4j.impl.StaticLoggerBinder".
SLF4J: Defaulting to no-operation (NOP) logger implementation
SLF4J: See http://www.slf4j.org/codes.html#StaticLoggerBinder for further details.
Nov 30, 2025 11:44:05 PM org.openqa.selenium.devtools.CdpVersionFinder findNearestMatch
WARNING: Unable to find CDP implementation matching 142
Nov 30, 2025 11:44:05 PM org.openqa.selenium.chromium.ChromiumDriver lambda$new$4
WARNING: Unable to find version of CDP to use for 142.0.7444.176. You may need to include a dependency on a specific version of the CDP using something similar to `org.seleniumhq.selenium:selenium-devtools-v86:4.33.0` where the version ("v86") matches the version of the chromium-based browser you're using and the version number of the artifact is the same as Selenium's.
]]></system-err>
  </testcase>
  <testcase name="loginTest[User [emailAddress=mukeshkumar01.gh@gmail.com, password=Mukesh@321]](2)" classname="com.ui.tests.LoginExcelTest" time="0.0">
    <skipped message="Cannot invoke &quot;com.ui.pages.HomePage.goToLoginPage()&quot; because &quot;com.ui.tests.LoginExcelTest.homePage&quot; is null"/>
    <system-out><![CDATA[2025-11-17 23:44:05 [TestNG-test=UI Automation Test-1] WARN com.ui.listeners.TestListener::onTestSkipped::54 loginTest SKIPPED 
2025-11-29 23:44:05 [TestNG-test=UI Automation Test-1] INFO com.ui.pages.HomePage::quit::156 Browser session quit successfully. 
2025-11-33 23:44:05 [TestNG-test=UI Automation Test-1] INFO com.ui.tests.LoginExcelTest::setUp::34 Load theb Homepage of the website 
2025-11-33 23:44:05 [TestNG-test=UI Automation Test-1] INFO com.ui.pages.HomePage::<init>::69 Launching Browser for CHROME 
2025-11-10 23:44:06 [TestNG-test=UI Automation Test-1] INFO com.ui.pages.HomePage::goToWebsite::109 Visiting the website https://www.parempire.com/ 
2025-11-40 23:44:08 [TestNG-test=UI Automation Test-1] INFO com.ui.listeners.TestListener::onTestStart::27 loginTest 
2025-11-40 23:44:08 [TestNG-test=UI Automation Test-1] INFO com.ui.listeners.TestListener::onTestStart::28 Verifies with the valid user is able to login into the application 
2025-11-40 23:44:08 [TestNG-test=UI Automation Test-1] INFO com.ui.listeners.TestListener::onTestStart::29 [e2e, sanity] 
]]></system-out>
    <system-err><![CDATA[Nov 30, 2025 11:44:06 PM org.openqa.selenium.devtools.CdpVersionFinder findNearestMatch
WARNING: Unable to find CDP implementation matching 142
Nov 30, 2025 11:44:06 PM org.openqa.selenium.chromium.ChromiumDriver lambda$new$4
WARNING: Unable to find version of CDP to use for 142.0.7444.176. You may need to include a dependency on a specific version of the CDP using something similar to `org.seleniumhq.selenium:selenium-devtools-v86:4.33.0` where the version ("v86") matches the version of the chromium-based browser you're using and the version number of the artifact is the same as Selenium's.
]]></system-err>
  </testcase>
  <testcase name="loginTest[User [emailAddress=mukeshkumar01.gh@gmail.com, password=Mukesh@321]](3)" classname="com.ui.tests.LoginExcelTest" time="0.0">
    <skipped message="Cannot invoke &quot;com.ui.pages.HomePage.goToLoginPage()&quot; because &quot;com.ui.tests.LoginExcelTest.homePage&quot; is null"/>
    <system-out><![CDATA[2025-11-40 23:44:08 [TestNG-test=UI Automation Test-1] WARN com.ui.listeners.TestListener::onTestSkipped::54 loginTest SKIPPED 
2025-11-54 23:44:08 [TestNG-test=UI Automation Test-1] INFO com.ui.pages.HomePage::quit::156 Browser session quit successfully. 
2025-11-57 23:44:08 [TestNG-test=UI Automation Test-1] INFO com.ui.tests.LoginExcelTest::setUp::34 Load theb Homepage of the website 
2025-11-57 23:44:08 [TestNG-test=UI Automation Test-1] INFO com.ui.pages.HomePage::<init>::69 Launching Browser for CHROME 
2025-11-35 23:44:09 [TestNG-test=UI Automation Test-1] INFO com.ui.pages.HomePage::goToWebsite::109 Visiting the website https://www.parempire.com/ 
2025-11-68 23:44:11 [TestNG-test=UI Automation Test-1] INFO com.ui.listeners.TestListener::onTestStart::27 loginTest 
2025-11-68 23:44:11 [TestNG-test=UI Automation Test-1] INFO com.ui.listeners.TestListener::onTestStart::28 Verifies with the valid user is able to login into the application 
2025-11-68 23:44:11 [TestNG-test=UI Automation Test-1] INFO com.ui.listeners.TestListener::onTestStart::29 [e2e, sanity] 
]]></system-out>
    <system-err><![CDATA[Nov 30, 2025 11:44:09 PM org.openqa.selenium.devtools.CdpVersionFinder findNearestMatch
WARNING: Unable to find CDP implementation matching 142
Nov 30, 2025 11:44:09 PM org.openqa.selenium.chromium.ChromiumDriver lambda$new$4
WARNING: Unable to find version of CDP to use for 142.0.7444.176. You may need to include a dependency on a specific version of the CDP using something similar to `org.seleniumhq.selenium:selenium-devtools-v86:4.33.0` where the version ("v86") matches the version of the chromium-based browser you're using and the version number of the artifact is the same as Selenium's.
]]></system-err>
  </testcase>
  <testcase name="loginTest[User [emailAddress=mukeshkumar01.gh@gmail.com, password=Mukesh@321]](4)" classname="com.ui.tests.LoginExcelTest" time="0.0">
    <failure message="Cannot invoke &quot;com.ui.pages.HomePage.goToLoginPage()&quot; because &quot;com.ui.tests.LoginExcelTest.homePage&quot; is null" type="java.lang.NullPointerException"><![CDATA[java.lang.NullPointerException: Cannot invoke "com.ui.pages.HomePage.goToLoginPage()" because "com.ui.tests.LoginExcelTest.homePage" is null
	at com.ui.tests.LoginExcelTest.loginTest(LoginExcelTest.java:26)
	at java.base/jdk.internal.reflect.DirectMethodHandleAccessor.invoke(DirectMethodHandleAccessor.java:103)
	at java.base/java.lang.reflect.Method.invoke(Method.java:580)
	at org.testng.internal.invokers.MethodInvocationHelper.invokeMethod(MethodInvocationHelper.java:139)
	at org.testng.internal.invokers.TestInvoker.invokeMethod(TestInvoker.java:677)
	at org.testng.internal.invokers.TestInvoker.retryFailed(TestInvoker.java:263)
	at org.testng.internal.invokers.MethodRunner.runInSequence(MethodRunner.java:62)
	at org.testng.internal.invokers.TestInvoker$MethodInvocationAgent.invoke(TestInvoker.java:969)
	at org.testng.internal.invokers.TestInvoker.invokeTestMethods(TestInvoker.java:194)
	at org.testng.internal.invokers.TestMethodWorker.invokeTestMethods(TestMethodWorker.java:148)
	at org.testng.internal.invokers.TestMethodWorker.run(TestMethodWorker.java:128)
	at java.base/java.util.concurrent.ThreadPoolExecutor.runWorker(ThreadPoolExecutor.java:1144)
	at java.base/java.util.concurrent.ThreadPoolExecutor$Worker.run(ThreadPoolExecutor.java:642)
	at java.base/java.lang.Thread.run(Thread.java:1583)
]]></failure>
    <system-out><![CDATA[2025-11-68 23:44:11 [TestNG-test=UI Automation Test-1] WARN com.ui.listeners.TestListener::onTestSkipped::54 loginTest SKIPPED 
2025-11-81 23:44:11 [TestNG-test=UI Automation Test-1] INFO com.ui.pages.HomePage::quit::156 Browser session quit successfully. 
2025-11-84 23:44:11 [TestNG-test=UI Automation Test-1] INFO com.ui.tests.LoginExcelTest::setUp::34 Load theb Homepage of the website 
2025-11-84 23:44:11 [TestNG-test=UI Automation Test-1] INFO com.ui.pages.HomePage::<init>::69 Launching Browser for CHROME 
2025-11-57 23:44:12 [TestNG-test=UI Automation Test-1] INFO com.ui.pages.HomePage::goToWebsite::109 Visiting the website https://www.parempire.com/ 
2025-11-68 23:44:12 [TestNG-test=UI Automation Test-1] INFO com.ui.listeners.TestListener::onTestStart::27 loginTest 
2025-11-68 23:44:12 [TestNG-test=UI Automation Test-1] INFO com.ui.listeners.TestListener::onTestStart::28 Verifies with the valid user is able to login into the application 
2025-11-68 23:44:12 [TestNG-test=UI Automation Test-1] INFO com.ui.listeners.TestListener::onTestStart::29 [e2e, sanity] 
]]></system-out>
    <system-err><![CDATA[Nov 30, 2025 11:44:12 PM org.openqa.selenium.devtools.CdpVersionFinder findNearestMatch
WARNING: Unable to find CDP implementation matching 142
Nov 30, 2025 11:44:12 PM org.openqa.selenium.chromium.ChromiumDriver lambda$new$4
WARNING: Unable to find version of CDP to use for 142.0.7444.176. You may need to include a dependency on a specific version of the CDP using something similar to `org.seleniumhq.selenium:selenium-devtools-v86:4.33.0` where the version ("v86") matches the version of the chromium-based browser you're using and the version number of the artifact is the same as Selenium's.
]]></system-err>
  </testcase>
  <testcase name="loginTest[User [emailAddress=, password=]](5)" classname="com.ui.tests.LoginExcelTest" time="0.0">
    <failure message="Cannot invoke &quot;com.ui.pages.HomePage.goToLoginPage()&quot; because &quot;com.ui.tests.LoginExcelTest.homePage&quot; is null" type="java.lang.NullPointerException"><![CDATA[java.lang.NullPointerException: Cannot invoke "com.ui.pages.HomePage.goToLoginPage()" because "com.ui.tests.LoginExcelTest.homePage" is null
	at com.ui.tests.LoginExcelTest.loginTest(LoginExcelTest.java:26)
	at java.base/jdk.internal.reflect.DirectMethodHandleAccessor.invoke(DirectMethodHandleAccessor.java:103)
	at java.base/java.lang.reflect.Method.invoke(Method.java:580)
	at org.testng.internal.invokers.MethodInvocationHelper.invokeMethod(MethodInvocationHelper.java:139)
	at org.testng.internal.invokers.TestInvoker.invokeMethod(TestInvoker.java:677)
	at org.testng.internal.invokers.TestInvoker.invokeTestMethod(TestInvoker.java:221)
	at org.testng.internal.invokers.MethodRunner.runInSequence(MethodRunner.java:50)
	at org.testng.internal.invokers.TestInvoker$MethodInvocationAgent.invoke(TestInvoker.java:969)
	at org.testng.internal.invokers.TestInvoker.invokeTestMethods(TestInvoker.java:194)
	at org.testng.internal.invokers.TestMethodWorker.invokeTestMethods(TestMethodWorker.java:148)
	at org.testng.internal.invokers.TestMethodWorker.run(TestMethodWorker.java:128)
	at java.base/java.util.concurrent.ThreadPoolExecutor.runWorker(ThreadPoolExecutor.java:1144)
	at java.base/java.util.concurrent.ThreadPoolExecutor$Worker.run(ThreadPoolExecutor.java:642)
	at java.base/java.lang.Thread.run(Thread.java:1583)
]]></failure>
    <system-out><![CDATA[2025-11-69 23:44:12 [TestNG-test=UI Automation Test-1] ERROR com.ui.listeners.TestListener::onTestFailure::39 loginTest FAILED 
2025-11-69 23:44:12 [TestNG-test=UI Automation Test-1] ERROR com.ui.listeners.TestListener::onTestFailure::40 Cannot invoke "com.ui.pages.HomePage.goToLoginPage()" because "com.ui.tests.LoginExcelTest.homePage" is null 
2025-11-69 23:44:12 [TestNG-test=UI Automation Test-1] ERROR com.ui.listeners.TestListener::onTestFailure::47 Capturing Screenshot for the failed tests 
2025-11-32 23:44:19 [TestNG-test=UI Automation Test-1] ERROR com.ui.listeners.TestListener::onTestFailure::49 Attaching to the screenshot to html file 
2025-11-43 23:44:19 [TestNG-test=UI Automation Test-1] INFO com.ui.pages.HomePage::quit::156 Browser session quit successfully. 
2025-11-43 23:44:19 [TestNG-test=UI Automation Test-1] INFO com.ui.tests.LoginExcelTest::setUp::34 Load theb Homepage of the website 
2025-11-43 23:44:19 [TestNG-test=UI Automation Test-1] INFO com.ui.pages.HomePage::<init>::69 Launching Browser for CHROME 
2025-11-23 23:44:20 [TestNG-test=UI Automation Test-1] INFO com.ui.pages.HomePage::goToWebsite::109 Visiting the website https://www.parempire.com/ 
2025-11-77 23:44:22 [TestNG-test=UI Automation Test-1] INFO com.ui.listeners.TestListener::onTestStart::27 loginTest 
2025-11-77 23:44:22 [TestNG-test=UI Automation Test-1] INFO com.ui.listeners.TestListener::onTestStart::28 Verifies with the valid user is able to login into the application 
2025-11-77 23:44:22 [TestNG-test=UI Automation Test-1] INFO com.ui.listeners.TestListener::onTestStart::29 [e2e, sanity] 
]]></system-out>
    <system-err><![CDATA[Nov 30, 2025 11:44:20 PM org.openqa.selenium.devtools.CdpVersionFinder findNearestMatch
WARNING: Unable to find CDP implementation matching 142
Nov 30, 2025 11:44:20 PM org.openqa.selenium.chromium.ChromiumDriver lambda$new$4
WARNING: Unable to find version of CDP to use for 142.0.7444.176. You may need to include a dependency on a specific version of the CDP using something similar to `org.seleniumhq.selenium:selenium-devtools-v86:4.33.0` where the version ("v86") matches the version of the chromium-based browser you're using and the version number of the artifact is the same as Selenium's.
]]></system-err>
  </testcase>
</testsuite>