<?xml version="1.0" encoding="UTF-8"?>
<testng-results ignored="0" total="1" passed="1" failed="0" skipped="0">
  <reporter-output>
  </reporter-output>
  <suite started-at="2025-12-01T00:02:54 IST" name="E2E Automation Test Suite" finished-at="2025-12-01T00:03:02 IST" duration-ms="8307">
    <groups>
      <group name="sanity">
        <method signature="LoginCSVTest.loginTest(com.ui.pojo.User)[pri:0, instance:com.ui.tests.LoginCSVTest@19e7a160]" name="loginTest" class="com.ui.tests.LoginCSVTest"/>
      </group> <!-- sanity -->
      <group name="e2e">
        <method signature="LoginCSVTest.loginTest(com.ui.pojo.User)[pri:0, instance:com.ui.tests.LoginCSVTest@19e7a160]" name="loginTest" class="com.ui.tests.LoginCSVTest"/>
      </group> <!-- e2e -->
    </groups>
    <test started-at="2025-12-01T00:02:54 IST" name="UI Automation Test" finished-at="2025-12-01T00:03:02 IST" duration-ms="8307">
      <class name="com.ui.tests.LoginCSVTest">
        <test-method is-config="true" signature="setUp(java.lang.String,boolean,boolean,org.testng.ITestResult)[pri:0, instance:com.ui.tests.LoginCSVTest@19e7a160]" started-at="2025-12-01T00:02:54 IST" name="setUp" description="load the homepage of the website" finished-at="2025-12-01T00:02:58 IST" duration-ms="3920" status="PASS">
          <params>
            <param index="0">
              <value>
                <![CDATA[chrome]]>
              </value>
            </param>
            <param index="1">
              <value>
                <![CDATA[false]]>
              </value>
            </param>
            <param index="2">
              <value>
                <![CDATA[true]]>
              </value>
            </param>
            <param index="3">
              <value>
                <![CDATA[[TestResult name={null} status=CREATED method=LoginCSVTest.loginTest(com.ui.pojo.User)[pri:0, instance:com.ui.tests.LoginCSVTest@19e7a160] output={null}]]]>
              </value>
            </param>
          </params>
          <reporter-output>
          </reporter-output>
        </test-method> <!-- setUp -->
        <test-method signature="loginTest(com.ui.pojo.User)[pri:0, instance:com.ui.tests.LoginCSVTest@19e7a160]" started-at="2025-12-01T00:02:58 IST" name="loginTest" description="Verifies with the valid user is able to login into the application" data-provider="LoginTestCSVDataProvider" finished-at="2025-12-01T00:03:02 IST" duration-ms="4049" status="PASS">
          <params>
            <param index="0">
              <value>
                <![CDATA[User [emailAddress=mukeshkumar01.gh@gmail.com, password=11111111]]]>
              </value>
            </param>
          </params>
          <reporter-output>
          </reporter-output>
        </test-method> <!-- loginTest -->
        <test-method is-config="true" signature="tearDown()[pri:0, instance:com.ui.tests.LoginCSVTest@19e7a160]" started-at="2025-12-01T00:03:02 IST" name="tearDown" description="Quiting the sessions" finished-at="2025-12-01T00:03:02 IST" duration-ms="137" status="PASS">
          <reporter-output>
          </reporter-output>
        </test-method> <!-- tearDown -->
      </class> <!-- com.ui.tests.LoginCSVTest -->
    </test> <!-- UI Automation Test -->
  </suite> <!-- E2E Automation Test Suite -->
</testng-results>
