<?xml version="1.0" encoding="UTF-8"?>
<testng-results retried="3" ignored="0" total="5" passed="0" failed="2" skipped="0">
  <reporter-output>
  </reporter-output>
  <suite started-at="2025-11-30T23:44:03 IST" name="E2E Automation Test Suite" finished-at="2025-11-30T23:44:23 IST" duration-ms="19946">
    <groups>
      <group name="sanity">
        <method signature="LoginExcelTest.loginTest(com.ui.pojo.User)[pri:0, instance:com.ui.tests.LoginExcelTest@19e7a160]" name="loginTest" class="com.ui.tests.LoginExcelTest"/>
      </group> <!-- sanity -->
      <group name="e2e">
        <method signature="LoginExcelTest.loginTest(com.ui.pojo.User)[pri:0, instance:com.ui.tests.LoginExcelTest@19e7a160]" name="loginTest" class="com.ui.tests.LoginExcelTest"/>
      </group> <!-- e2e -->
    </groups>
    <test started-at="2025-11-30T23:44:03 IST" name="UI Automation Test" finished-at="2025-11-30T23:44:23 IST" duration-ms="19946">
      <class name="com.ui.tests.LoginExcelTest">
        <test-method is-config="true" signature="setUp(java.lang.String,boolean,boolean,org.testng.ITestResult)[pri:0, instance:com.ui.tests.LoginExcelTest@19e7a160]" started-at="2025-11-30T23:44:03 IST" name="setUp" description="load the homepage of the website" finished-at="2025-11-30T23:44:05 IST" duration-ms="1250" status="PASS">
          <params>
            <param index="0">
              <value>
                <![CDATA[chrome]]>
              </value>
            </param>
            <param index="1">
              <value>
                <![CDATA[false]]>
              </value>
            </param>
            <param index="2">
              <value>
                <![CDATA[true]]>
              </value>
            </param>
            <param index="3">
              <value>
                <![CDATA[[TestResult name={null} status=CREATED method=LoginExcelTest.loginTest(com.ui.pojo.User)[pri:0, instance:com.ui.tests.LoginExcelTest@19e7a160] output={null}]]]>
              </value>
            </param>
          </params>
          <reporter-output>
          </reporter-output>
        </test-method> <!-- setUp -->
        <test-method retried="true" signature="loginTest(com.ui.pojo.User)[pri:0, instance:com.ui.tests.LoginExcelTest@19e7a160]" started-at="2025-11-30T23:44:05 IST" name="loginTest" description="Verifies with the valid user is able to login into the application" data-provider="LoginTestExcelDataProvider" finished-at="2025-11-30T23:44:05 IST" duration-ms="10" status="SKIP">
          <params>
            <param index="0">
              <value>
                <![CDATA[User [emailAddress=mukeshkumar01.gh@gmail.com, password=Mukesh@321]]]>
              </value>
            </param>
          </params>
          <exception class="java.lang.NullPointerException">
            <message>
              <![CDATA[Cannot invoke "com.ui.pages.HomePage.goToLoginPage()" because "com.ui.tests.LoginExcelTest.homePage" is null]]>
            </message>
            <full-stacktrace>
              <![CDATA[java.lang.NullPointerException: Cannot invoke "com.ui.pages.HomePage.goToLoginPage()" because "com.ui.tests.LoginExcelTest.homePage" is null
at com.ui.tests.LoginExcelTest.loginTest(LoginExcelTest.java:26)
at java.base/jdk.internal.reflect.DirectMethodHandleAccessor.invoke(DirectMethodHandleAccessor.java:103)
at java.base/java.lang.reflect.Method.invoke(Method.java:580)
at org.testng.internal.invokers.MethodInvocationHelper.invokeMethod(MethodInvocationHelper.java:139)
at org.testng.internal.invokers.TestInvoker.invokeMethod(TestInvoker.java:677)
at org.testng.internal.invokers.TestInvoker.invokeTestMethod(TestInvoker.java:221)
at org.testng.internal.invokers.MethodRunner.runInSequence(MethodRunner.java:50)
at org.testng.internal.invokers.TestInvoker$MethodInvocationAgent.invoke(TestInvoker.java:969)
at org.testng.internal.invokers.TestInvoker.invokeTestMethods(TestInvoker.java:194)
at org.testng.internal.invokers.TestMethodWorker.invokeTestMethods(TestMethodWorker.java:148)
at org.testng.internal.invokers.TestMethodWorker.run(TestMethodWorker.java:128)
at java.base/java.util.concurrent.ThreadPoolExecutor.runWorker(ThreadPoolExecutor.java:1144)
at java.base/java.util.concurrent.ThreadPoolExecutor$Worker.run(ThreadPoolExecutor.java:642)
at java.base/java.lang.Thread.run(Thread.java:1583)
]]>
            </full-stacktrace>
          </exception> <!-- java.lang.NullPointerException -->
          <reporter-output>
          </reporter-output>
        </test-method> <!-- loginTest -->
        <test-method is-config="true" signature="tearDown()[pri:0, instance:com.ui.tests.LoginExcelTest@19e7a160]" started-at="2025-11-30T23:44:05 IST" name="tearDown" description="Quiting the sessions" finished-at="2025-11-30T23:44:05 IST" duration-ms="118" status="PASS">
          <reporter-output>
          </reporter-output>
        </test-method> <!-- tearDown -->
        <test-method is-config="true" signature="setUp(java.lang.String,boolean,boolean,org.testng.ITestResult)[pri:0, instance:com.ui.tests.LoginExcelTest@19e7a160]" started-at="2025-11-30T23:44:05 IST" name="setUp" description="load the homepage of the website" finished-at="2025-11-30T23:44:08 IST" duration-ms="3065" status="PASS">
          <params>
            <param index="0">
              <value>
                <![CDATA[chrome]]>
              </value>
            </param>
            <param index="1">
              <value>
                <![CDATA[false]]>
              </value>
            </param>
            <param index="2">
              <value>
                <![CDATA[true]]>
              </value>
            </param>
            <param index="3">
              <value>
                <![CDATA[[TestResult name={null} status=CREATED method=LoginExcelTest.loginTest(com.ui.pojo.User)[pri:0, instance:com.ui.tests.LoginExcelTest@19e7a160] output={null}]]]>
              </value>
            </param>
          </params>
          <reporter-output>
          </reporter-output>
        </test-method> <!-- setUp -->
        <test-method retried="true" signature="loginTest(com.ui.pojo.User)[pri:0, instance:com.ui.tests.LoginExcelTest@19e7a160]" started-at="2025-11-30T23:44:08 IST" name="loginTest" description="Verifies with the valid user is able to login into the application" data-provider="LoginTestExcelDataProvider" finished-at="2025-11-30T23:44:08 IST" duration-ms="1" status="SKIP">
          <params>
            <param index="0">
              <value>
                <![CDATA[User [emailAddress=mukeshkumar01.gh@gmail.com, password=Mukesh@321]]]>
              </value>
            </param>
          </params>
          <exception class="java.lang.NullPointerException">
            <message>
              <![CDATA[Cannot invoke "com.ui.pages.HomePage.goToLoginPage()" because "com.ui.tests.LoginExcelTest.homePage" is null]]>
            </message>
            <full-stacktrace>
              <![CDATA[java.lang.NullPointerException: Cannot invoke "com.ui.pages.HomePage.goToLoginPage()" because "com.ui.tests.LoginExcelTest.homePage" is null
at com.ui.tests.LoginExcelTest.loginTest(LoginExcelTest.java:26)
at java.base/jdk.internal.reflect.DirectMethodHandleAccessor.invoke(DirectMethodHandleAccessor.java:103)
at java.base/java.lang.reflect.Method.invoke(Method.java:580)
at org.testng.internal.invokers.MethodInvocationHelper.invokeMethod(MethodInvocationHelper.java:139)
at org.testng.internal.invokers.TestInvoker.invokeMethod(TestInvoker.java:677)
at org.testng.internal.invokers.TestInvoker.retryFailed(TestInvoker.java:263)
at org.testng.internal.invokers.MethodRunner.runInSequence(MethodRunner.java:62)
at org.testng.internal.invokers.TestInvoker$MethodInvocationAgent.invoke(TestInvoker.java:969)
at org.testng.internal.invokers.TestInvoker.invokeTestMethods(TestInvoker.java:194)
at org.testng.internal.invokers.TestMethodWorker.invokeTestMethods(TestMethodWorker.java:148)
at org.testng.internal.invokers.TestMethodWorker.run(TestMethodWorker.java:128)
at java.base/java.util.concurrent.ThreadPoolExecutor.runWorker(ThreadPoolExecutor.java:1144)
at java.base/java.util.concurrent.ThreadPoolExecutor$Worker.run(ThreadPoolExecutor.java:642)
at java.base/java.lang.Thread.run(Thread.java:1583)
]]>
            </full-stacktrace>
          </exception> <!-- java.lang.NullPointerException -->
          <reporter-output>
          </reporter-output>
        </test-method> <!-- loginTest -->
        <test-method is-config="true" signature="tearDown()[pri:0, instance:com.ui.tests.LoginExcelTest@19e7a160]" started-at="2025-11-30T23:44:08 IST" name="tearDown" description="Quiting the sessions" finished-at="2025-11-30T23:44:08 IST" duration-ms="138" status="PASS">
          <reporter-output>
          </reporter-output>
        </test-method> <!-- tearDown -->
        <test-method is-config="true" signature="setUp(java.lang.String,boolean,boolean,org.testng.ITestResult)[pri:0, instance:com.ui.tests.LoginExcelTest@19e7a160]" started-at="2025-11-30T23:44:08 IST" name="setUp" description="load the homepage of the website" finished-at="2025-11-30T23:44:11 IST" duration-ms="3111" status="PASS">
          <params>
            <param index="0">
              <value>
                <![CDATA[chrome]]>
              </value>
            </param>
            <param index="1">
              <value>
                <![CDATA[false]]>
              </value>
            </param>
            <param index="2">
              <value>
                <![CDATA[true]]>
              </value>
            </param>
            <param index="3">
              <value>
                <![CDATA[[TestResult name={null} status=CREATED method=LoginExcelTest.loginTest(com.ui.pojo.User)[pri:0, instance:com.ui.tests.LoginExcelTest@19e7a160] output={null}]]]>
              </value>
            </param>
          </params>
          <reporter-output>
          </reporter-output>
        </test-method> <!-- setUp -->
        <test-method retried="true" signature="loginTest(com.ui.pojo.User)[pri:0, instance:com.ui.tests.LoginExcelTest@19e7a160]" started-at="2025-11-30T23:44:11 IST" name="loginTest" description="Verifies with the valid user is able to login into the application" data-provider="LoginTestExcelDataProvider" finished-at="2025-11-30T23:44:11 IST" duration-ms="1" status="SKIP">
          <params>
            <param index="0">
              <value>
                <![CDATA[User [emailAddress=mukeshkumar01.gh@gmail.com, password=Mukesh@321]]]>
              </value>
            </param>
          </params>
          <exception class="java.lang.NullPointerException">
            <message>
              <![CDATA[Cannot invoke "com.ui.pages.HomePage.goToLoginPage()" because "com.ui.tests.LoginExcelTest.homePage" is null]]>
            </message>
            <full-stacktrace>
              <![CDATA[java.lang.NullPointerException: Cannot invoke "com.ui.pages.HomePage.goToLoginPage()" because "com.ui.tests.LoginExcelTest.homePage" is null
at com.ui.tests.LoginExcelTest.loginTest(LoginExcelTest.java:26)
at java.base/jdk.internal.reflect.DirectMethodHandleAccessor.invoke(DirectMethodHandleAccessor.java:103)
at java.base/java.lang.reflect.Method.invoke(Method.java:580)
at org.testng.internal.invokers.MethodInvocationHelper.invokeMethod(MethodInvocationHelper.java:139)
at org.testng.internal.invokers.TestInvoker.invokeMethod(TestInvoker.java:677)
at org.testng.internal.invokers.TestInvoker.retryFailed(TestInvoker.java:263)
at org.testng.internal.invokers.MethodRunner.runInSequence(MethodRunner.java:62)
at org.testng.internal.invokers.TestInvoker$MethodInvocationAgent.invoke(TestInvoker.java:969)
at org.testng.internal.invokers.TestInvoker.invokeTestMethods(TestInvoker.java:194)
at org.testng.internal.invokers.TestMethodWorker.invokeTestMethods(TestMethodWorker.java:148)
at org.testng.internal.invokers.TestMethodWorker.run(TestMethodWorker.java:128)
at java.base/java.util.concurrent.ThreadPoolExecutor.runWorker(ThreadPoolExecutor.java:1144)
at java.base/java.util.concurrent.ThreadPoolExecutor$Worker.run(ThreadPoolExecutor.java:642)
at java.base/java.lang.Thread.run(Thread.java:1583)
]]>
            </full-stacktrace>
          </exception> <!-- java.lang.NullPointerException -->
          <reporter-output>
          </reporter-output>
        </test-method> <!-- loginTest -->
        <test-method is-config="true" signature="tearDown()[pri:0, instance:com.ui.tests.LoginExcelTest@19e7a160]" started-at="2025-11-30T23:44:11 IST" name="tearDown" description="Quiting the sessions" finished-at="2025-11-30T23:44:11 IST" duration-ms="130" status="PASS">
          <reporter-output>
          </reporter-output>
        </test-method> <!-- tearDown -->
        <test-method is-config="true" signature="setUp(java.lang.String,boolean,boolean,org.testng.ITestResult)[pri:0, instance:com.ui.tests.LoginExcelTest@19e7a160]" started-at="2025-11-30T23:44:11 IST" name="setUp" description="load the homepage of the website" finished-at="2025-11-30T23:44:12 IST" duration-ms="844" status="PASS">
          <params>
            <param index="0">
              <value>
                <![CDATA[chrome]]>
              </value>
            </param>
            <param index="1">
              <value>
                <![CDATA[false]]>
              </value>
            </param>
            <param index="2">
              <value>
                <![CDATA[true]]>
              </value>
            </param>
            <param index="3">
              <value>
                <![CDATA[[TestResult name={null} status=CREATED method=LoginExcelTest.loginTest(com.ui.pojo.User)[pri:0, instance:com.ui.tests.LoginExcelTest@19e7a160] output={null}]]]>
              </value>
            </param>
          </params>
          <reporter-output>
          </reporter-output>
        </test-method> <!-- setUp -->
        <test-method signature="loginTest(com.ui.pojo.User)[pri:0, instance:com.ui.tests.LoginExcelTest@19e7a160]" started-at="2025-11-30T23:44:12 IST" name="loginTest" description="Verifies with the valid user is able to login into the application" data-provider="LoginTestExcelDataProvider" finished-at="2025-11-30T23:44:12 IST" duration-ms="3" status="FAIL">
          <params>
            <param index="0">
              <value>
                <![CDATA[User [emailAddress=mukeshkumar01.gh@gmail.com, password=Mukesh@321]]]>
              </value>
            </param>
          </params>
          <exception class="java.lang.NullPointerException">
            <message>
              <![CDATA[Cannot invoke "com.ui.pages.HomePage.goToLoginPage()" because "com.ui.tests.LoginExcelTest.homePage" is null]]>
            </message>
            <full-stacktrace>
              <![CDATA[java.lang.NullPointerException: Cannot invoke "com.ui.pages.HomePage.goToLoginPage()" because "com.ui.tests.LoginExcelTest.homePage" is null
at com.ui.tests.LoginExcelTest.loginTest(LoginExcelTest.java:26)
at java.base/jdk.internal.reflect.DirectMethodHandleAccessor.invoke(DirectMethodHandleAccessor.java:103)
at java.base/java.lang.reflect.Method.invoke(Method.java:580)
at org.testng.internal.invokers.MethodInvocationHelper.invokeMethod(MethodInvocationHelper.java:139)
at org.testng.internal.invokers.TestInvoker.invokeMethod(TestInvoker.java:677)
at org.testng.internal.invokers.TestInvoker.retryFailed(TestInvoker.java:263)
at org.testng.internal.invokers.MethodRunner.runInSequence(MethodRunner.java:62)
at org.testng.internal.invokers.TestInvoker$MethodInvocationAgent.invoke(TestInvoker.java:969)
at org.testng.internal.invokers.TestInvoker.invokeTestMethods(TestInvoker.java:194)
at org.testng.internal.invokers.TestMethodWorker.invokeTestMethods(TestMethodWorker.java:148)
at org.testng.internal.invokers.TestMethodWorker.run(TestMethodWorker.java:128)
at java.base/java.util.concurrent.ThreadPoolExecutor.runWorker(ThreadPoolExecutor.java:1144)
at java.base/java.util.concurrent.ThreadPoolExecutor$Worker.run(ThreadPoolExecutor.java:642)
at java.base/java.lang.Thread.run(Thread.java:1583)
]]>
            </full-stacktrace>
          </exception> <!-- java.lang.NullPointerException -->
          <reporter-output>
          </reporter-output>
        </test-method> <!-- loginTest -->
        <test-method is-config="true" signature="tearDown()[pri:0, instance:com.ui.tests.LoginExcelTest@19e7a160]" started-at="2025-11-30T23:44:19 IST" name="tearDown" description="Quiting the sessions" finished-at="2025-11-30T23:44:19 IST" duration-ms="107" status="PASS">
          <reporter-output>
          </reporter-output>
        </test-method> <!-- tearDown -->
        <test-method is-config="true" signature="setUp(java.lang.String,boolean,boolean,org.testng.ITestResult)[pri:0, instance:com.ui.tests.LoginExcelTest@19e7a160]" started-at="2025-11-30T23:44:19 IST" name="setUp" description="load the homepage of the website" finished-at="2025-11-30T23:44:22 IST" duration-ms="3337" status="PASS">
          <params>
            <param index="0">
              <value>
                <![CDATA[chrome]]>
              </value>
            </param>
            <param index="1">
              <value>
                <![CDATA[false]]>
              </value>
            </param>
            <param index="2">
              <value>
                <![CDATA[true]]>
              </value>
            </param>
            <param index="3">
              <value>
                <![CDATA[[TestResult name={null} status=CREATED method=LoginExcelTest.loginTest(com.ui.pojo.User)[pri:0, instance:com.ui.tests.LoginExcelTest@19e7a160] output={null}]]]>
              </value>
            </param>
          </params>
          <reporter-output>
          </reporter-output>
        </test-method> <!-- setUp -->
        <test-method signature="loginTest(com.ui.pojo.User)[pri:0, instance:com.ui.tests.LoginExcelTest@19e7a160]" started-at="2025-11-30T23:44:22 IST" name="loginTest" description="Verifies with the valid user is able to login into the application" data-provider="LoginTestExcelDataProvider" finished-at="2025-11-30T23:44:22 IST" duration-ms="0" status="FAIL">
          <params>
            <param index="0">
              <value>
                <![CDATA[User [emailAddress=, password=]]]>
              </value>
            </param>
          </params>
          <exception class="java.lang.NullPointerException">
            <message>
              <![CDATA[Cannot invoke "com.ui.pages.HomePage.goToLoginPage()" because "com.ui.tests.LoginExcelTest.homePage" is null]]>
            </message>
            <full-stacktrace>
              <![CDATA[java.lang.NullPointerException: Cannot invoke "com.ui.pages.HomePage.goToLoginPage()" because "com.ui.tests.LoginExcelTest.homePage" is null
at com.ui.tests.LoginExcelTest.loginTest(LoginExcelTest.java:26)
at java.base/jdk.internal.reflect.DirectMethodHandleAccessor.invoke(DirectMethodHandleAccessor.java:103)
at java.base/java.lang.reflect.Method.invoke(Method.java:580)
at org.testng.internal.invokers.MethodInvocationHelper.invokeMethod(MethodInvocationHelper.java:139)
at org.testng.internal.invokers.TestInvoker.invokeMethod(TestInvoker.java:677)
at org.testng.internal.invokers.TestInvoker.invokeTestMethod(TestInvoker.java:221)
at org.testng.internal.invokers.MethodRunner.runInSequence(MethodRunner.java:50)
at org.testng.internal.invokers.TestInvoker$MethodInvocationAgent.invoke(TestInvoker.java:969)
at org.testng.internal.invokers.TestInvoker.invokeTestMethods(TestInvoker.java:194)
at org.testng.internal.invokers.TestMethodWorker.invokeTestMethods(TestMethodWorker.java:148)
at org.testng.internal.invokers.TestMethodWorker.run(TestMethodWorker.java:128)
at java.base/java.util.concurrent.ThreadPoolExecutor.runWorker(ThreadPoolExecutor.java:1144)
at java.base/java.util.concurrent.ThreadPoolExecutor$Worker.run(ThreadPoolExecutor.java:642)
at java.base/java.lang.Thread.run(Thread.java:1583)
]]>
            </full-stacktrace>
          </exception> <!-- java.lang.NullPointerException -->
          <reporter-output>
          </reporter-output>
        </test-method> <!-- loginTest -->
        <test-method is-config="true" signature="tearDown()[pri:0, instance:com.ui.tests.LoginExcelTest@19e7a160]" started-at="2025-11-30T23:44:23 IST" name="tearDown" description="Quiting the sessions" finished-at="2025-11-30T23:44:23 IST" duration-ms="117" status="PASS">
          <reporter-output>
          </reporter-output>
        </test-method> <!-- tearDown -->
      </class> <!-- com.ui.tests.LoginExcelTest -->
    </test> <!-- UI Automation Test -->
  </suite> <!-- E2E Automation Test Suite -->
</testng-results>
